2024-11-30 00:42:32.084  INFO 11316 --- [restartedMain] c.j.petclinic.PetClinicApplication       : Starting PetClinicApplication on KRON-ALPERONER with PID 11316 (C:\DEV\PetClinic_Project\petclinic\target\classes started by alperoner in C:\DEV\PetClinic_Project\petclinic)
2024-11-30 00:42:32.090  INFO 11316 --- [restartedMain] c.j.petclinic.PetClinicApplication       : The following profiles are active: dev
2024-11-30 00:42:32.147  INFO 11316 --- [restartedMain] .e.DevToolsPropertyDefaultsPostProcessor : Devtools property defaults active! Set 'spring.devtools.add-properties' to 'false' to disable
2024-11-30 00:42:32.148  INFO 11316 --- [restartedMain] .e.DevToolsPropertyDefaultsPostProcessor : For additional web related logging consider setting the 'logging.level.web' property to 'DEBUG'
2024-11-30 00:42:33.380  INFO 11316 --- [restartedMain] o.s.b.w.embedded.tomcat.TomcatWebServer  : Tomcat initialized with port(s): 8080 (http)
2024-11-30 00:42:33.392  INFO 11316 --- [restartedMain] o.apache.catalina.core.StandardService   : Starting service [Tomcat]
2024-11-30 00:42:33.393  INFO 11316 --- [restartedMain] org.apache.catalina.core.StandardEngine  : Starting Servlet engine: [Apache Tomcat/9.0.30]
2024-11-30 00:42:33.498  INFO 11316 --- [restartedMain] o.a.c.c.C.[Tomcat].[localhost].[/]       : Initializing Spring embedded WebApplicationContext
2024-11-30 00:42:33.498 DEBUG 11316 --- [restartedMain] o.s.web.context.ContextLoader            : Published root WebApplicationContext as ServletContext attribute with name [org.springframework.web.context.WebApplicationContext.ROOT]
2024-11-30 00:42:33.498  INFO 11316 --- [restartedMain] o.s.web.context.ContextLoader            : Root WebApplicationContext: initialization completed in 1349 ms
2024-11-30 00:42:34.035  INFO 11316 --- [restartedMain] o.s.s.concurrent.ThreadPoolTaskExecutor  : Initializing ExecutorService 'applicationTaskExecutor'
2024-11-30 00:42:34.052 DEBUG 11316 --- [restartedMain] s.w.s.m.m.a.RequestMappingHandlerAdapter : ControllerAdvice beans: 0 @ModelAttribute, 0 @InitBinder, 1 RequestBodyAdvice, 1 ResponseBodyAdvice
2024-11-30 00:42:34.187 DEBUG 11316 --- [restartedMain] s.w.s.m.m.a.RequestMappingHandlerMapping : 2 mappings in 'requestMappingHandlerMapping'
2024-11-30 00:42:34.237 DEBUG 11316 --- [restartedMain] o.s.w.s.handler.SimpleUrlHandlerMapping  : Patterns [/webjars/**, /**] in 'resourceHandlerMapping'
2024-11-30 00:42:34.253 DEBUG 11316 --- [restartedMain] .m.m.a.ExceptionHandlerExceptionResolver : ControllerAdvice beans: 0 @ExceptionHandler, 1 ResponseBodyAdvice
2024-11-30 00:42:34.480  INFO 11316 --- [restartedMain] o.s.b.d.a.OptionalLiveReloadServer       : LiveReload server is running on port 35729
2024-11-30 00:42:34.487  INFO 11316 --- [restartedMain] o.s.b.a.e.web.EndpointLinksResolver      : Exposing 15 endpoint(s) beneath base path '/actuator'
2024-11-30 00:42:34.564  INFO 11316 --- [restartedMain] o.s.b.w.embedded.tomcat.TomcatWebServer  : Tomcat started on port(s): 8080 (http) with context path ''
2024-11-30 00:42:34.568  INFO 11316 --- [restartedMain] c.j.petclinic.PetClinicApplication       : Started PetClinicApplication in 2.965 seconds (JVM running for 3.922)
2024-11-30 00:42:37.026  INFO 11316 --- [RMI TCP Connection(3)-127.0.0.1] o.a.c.c.C.[Tomcat].[localhost].[/]       : Initializing Spring DispatcherServlet 'dispatcherServlet'
2024-11-30 00:42:37.027  INFO 11316 --- [RMI TCP Connection(3)-127.0.0.1] o.s.web.servlet.DispatcherServlet        : Initializing Servlet 'dispatcherServlet'
2024-11-30 00:42:37.027 DEBUG 11316 --- [RMI TCP Connection(3)-127.0.0.1] o.s.web.servlet.DispatcherServlet        : Detected StandardServletMultipartResolver
2024-11-30 00:42:37.036 DEBUG 11316 --- [RMI TCP Connection(3)-127.0.0.1] o.s.web.servlet.DispatcherServlet        : enableLoggingRequestDetails='false': request parameters and headers will be masked to prevent unsafe logging of potentially sensitive data
2024-11-30 00:42:37.036  INFO 11316 --- [RMI TCP Connection(3)-127.0.0.1] o.s.web.servlet.DispatcherServlet        : Completed initialization in 9 ms
2024-11-30 00:47:42.726  INFO 11316 --- [Thread-8] o.s.s.concurrent.ThreadPoolTaskExecutor  : Shutting down ExecutorService 'applicationTaskExecutor'
2024-11-30 00:47:43.056  INFO 11316 --- [restartedMain] c.j.petclinic.PetClinicApplication       : Starting PetClinicApplication on KRON-ALPERONER with PID 11316 (C:\DEV\PetClinic_Project\petclinic\target\classes started by alperoner in C:\DEV\PetClinic_Project\petclinic)
2024-11-30 00:47:43.056  INFO 11316 --- [restartedMain] c.j.petclinic.PetClinicApplication       : The following profiles are active: dev
2024-11-30 00:47:43.429  INFO 11316 --- [restartedMain] o.s.b.w.embedded.tomcat.TomcatWebServer  : Tomcat initialized with port(s): 8080 (http)
2024-11-30 00:47:43.430  INFO 11316 --- [restartedMain] o.apache.catalina.core.StandardService   : Starting service [Tomcat]
2024-11-30 00:47:43.430  INFO 11316 --- [restartedMain] org.apache.catalina.core.StandardEngine  : Starting Servlet engine: [Apache Tomcat/9.0.30]
2024-11-30 00:47:43.444  INFO 11316 --- [restartedMain] o.a.c.c.C.[Tomcat].[localhost].[/]       : Initializing Spring embedded WebApplicationContext
2024-11-30 00:47:43.445 DEBUG 11316 --- [restartedMain] o.s.web.context.ContextLoader            : Published root WebApplicationContext as ServletContext attribute with name [org.springframework.web.context.WebApplicationContext.ROOT]
2024-11-30 00:47:43.445  INFO 11316 --- [restartedMain] o.s.web.context.ContextLoader            : Root WebApplicationContext: initialization completed in 380 ms
2024-11-30 00:47:43.530  INFO 11316 --- [restartedMain] o.s.s.concurrent.ThreadPoolTaskExecutor  : Initializing ExecutorService 'applicationTaskExecutor'
2024-11-30 00:47:43.533 DEBUG 11316 --- [restartedMain] s.w.s.m.m.a.RequestMappingHandlerAdapter : ControllerAdvice beans: 0 @ModelAttribute, 0 @InitBinder, 1 RequestBodyAdvice, 1 ResponseBodyAdvice
2024-11-30 00:47:43.538 TRACE 11316 --- [restartedMain] s.w.s.m.m.a.RequestMappingHandlerMapping : 
	o.s.b.a.w.s.e.BasicErrorController:
	{ /error}: error(HttpServletRequest)
	{ /error, produces [text/html]}: errorHtml(HttpServletRequest,HttpServletResponse)
2024-11-30 00:47:43.540 DEBUG 11316 --- [restartedMain] s.w.s.m.m.a.RequestMappingHandlerMapping : 2 mappings in 'requestMappingHandlerMapping'
2024-11-30 00:47:43.548 DEBUG 11316 --- [restartedMain] o.s.w.s.h.BeanNameUrlHandlerMapping      : Detected 0 mappings in 'beanNameHandlerMapping'
2024-11-30 00:47:43.549 TRACE 11316 --- [restartedMain] o.s.w.s.handler.SimpleUrlHandlerMapping  : Mapped [/webjars/**] onto ResourceHttpRequestHandler ["classpath:/META-INF/resources/webjars/"]
2024-11-30 00:47:43.549 TRACE 11316 --- [restartedMain] o.s.w.s.handler.SimpleUrlHandlerMapping  : Mapped [/**] onto ResourceHttpRequestHandler ["classpath:/META-INF/resources/", "classpath:/resources/", "classpath:/static/", "classpath:/public/", "/"]
2024-11-30 00:47:43.550 DEBUG 11316 --- [restartedMain] o.s.w.s.handler.SimpleUrlHandlerMapping  : Patterns [/webjars/**, /**] in 'resourceHandlerMapping'
2024-11-30 00:47:43.554 DEBUG 11316 --- [restartedMain] .m.m.a.ExceptionHandlerExceptionResolver : ControllerAdvice beans: 0 @ExceptionHandler, 1 ResponseBodyAdvice
2024-11-30 00:47:43.600  INFO 11316 --- [restartedMain] o.s.b.d.a.OptionalLiveReloadServer       : LiveReload server is running on port 35729
2024-11-30 00:47:43.603  INFO 11316 --- [restartedMain] o.s.b.a.e.web.EndpointLinksResolver      : Exposing 15 endpoint(s) beneath base path '/actuator'
2024-11-30 00:47:43.625  INFO 11316 --- [restartedMain] o.s.b.w.embedded.tomcat.TomcatWebServer  : Tomcat started on port(s): 8080 (http) with context path ''
2024-11-30 00:47:43.626  INFO 11316 --- [restartedMain] c.j.petclinic.PetClinicApplication       : Started PetClinicApplication in 0.62 seconds (JVM running for 312.98)
2024-11-30 00:47:43.629  INFO 11316 --- [restartedMain] .ConditionEvaluationDeltaLoggingListener : Condition evaluation unchanged
2024-11-30 00:48:10.643  INFO 11316 --- [Thread-11] o.s.s.concurrent.ThreadPoolTaskExecutor  : Shutting down ExecutorService 'applicationTaskExecutor'
2024-11-30 00:48:11.048  INFO 11316 --- [restartedMain] c.j.petclinic.PetClinicApplication       : Starting PetClinicApplication on KRON-ALPERONER with PID 11316 (C:\DEV\PetClinic_Project\petclinic\target\classes started by alperoner in C:\DEV\PetClinic_Project\petclinic)
2024-11-30 00:48:11.049  INFO 11316 --- [restartedMain] c.j.petclinic.PetClinicApplication       : The following profiles are active: dev
2024-11-30 00:48:11.482  INFO 11316 --- [restartedMain] o.s.b.w.embedded.tomcat.TomcatWebServer  : Tomcat initialized with port(s): 8080 (http)
2024-11-30 00:48:11.482  INFO 11316 --- [restartedMain] o.apache.catalina.core.StandardService   : Starting service [Tomcat]
2024-11-30 00:48:11.483  INFO 11316 --- [restartedMain] org.apache.catalina.core.StandardEngine  : Starting Servlet engine: [Apache Tomcat/9.0.30]
2024-11-30 00:48:11.510  INFO 11316 --- [restartedMain] o.a.c.c.C.[Tomcat].[localhost].[/]       : Initializing Spring embedded WebApplicationContext
2024-11-30 00:48:11.510 DEBUG 11316 --- [restartedMain] o.s.web.context.ContextLoader            : Published root WebApplicationContext as ServletContext attribute with name [org.springframework.web.context.WebApplicationContext.ROOT]
2024-11-30 00:48:11.510  INFO 11316 --- [restartedMain] o.s.web.context.ContextLoader            : Root WebApplicationContext: initialization completed in 450 ms
2024-11-30 00:48:11.610  INFO 11316 --- [restartedMain] o.s.s.concurrent.ThreadPoolTaskExecutor  : Initializing ExecutorService 'applicationTaskExecutor'
2024-11-30 00:48:11.612 DEBUG 11316 --- [restartedMain] s.w.s.m.m.a.RequestMappingHandlerAdapter : ControllerAdvice beans: 0 @ModelAttribute, 0 @InitBinder, 1 RequestBodyAdvice, 1 ResponseBodyAdvice
2024-11-30 00:48:11.616 TRACE 11316 --- [restartedMain] s.w.s.m.m.a.RequestMappingHandlerMapping : 
	o.s.b.a.w.s.e.BasicErrorController:
	{ /error}: error(HttpServletRequest)
	{ /error, produces [text/html]}: errorHtml(HttpServletRequest,HttpServletResponse)
2024-11-30 00:48:11.618 DEBUG 11316 --- [restartedMain] s.w.s.m.m.a.RequestMappingHandlerMapping : 2 mappings in 'requestMappingHandlerMapping'
2024-11-30 00:48:11.624 DEBUG 11316 --- [restartedMain] o.s.w.s.h.BeanNameUrlHandlerMapping      : Detected 0 mappings in 'beanNameHandlerMapping'
2024-11-30 00:48:11.626 TRACE 11316 --- [restartedMain] o.s.w.s.handler.SimpleUrlHandlerMapping  : Mapped [/webjars/**] onto ResourceHttpRequestHandler ["classpath:/META-INF/resources/webjars/"]
2024-11-30 00:48:11.626 TRACE 11316 --- [restartedMain] o.s.w.s.handler.SimpleUrlHandlerMapping  : Mapped [/**] onto ResourceHttpRequestHandler ["classpath:/META-INF/resources/", "classpath:/resources/", "classpath:/static/", "classpath:/public/", "/"]
2024-11-30 00:48:11.626 DEBUG 11316 --- [restartedMain] o.s.w.s.handler.SimpleUrlHandlerMapping  : Patterns [/webjars/**, /**] in 'resourceHandlerMapping'
2024-11-30 00:48:11.630 DEBUG 11316 --- [restartedMain] .m.m.a.ExceptionHandlerExceptionResolver : ControllerAdvice beans: 0 @ExceptionHandler, 1 ResponseBodyAdvice
2024-11-30 00:48:11.671  INFO 11316 --- [restartedMain] o.s.b.d.a.OptionalLiveReloadServer       : LiveReload server is running on port 35729
2024-11-30 00:48:11.674  INFO 11316 --- [restartedMain] o.s.b.a.e.web.EndpointLinksResolver      : Exposing 15 endpoint(s) beneath base path '/actuator'
2024-11-30 00:48:11.696  INFO 11316 --- [restartedMain] o.s.b.w.embedded.tomcat.TomcatWebServer  : Tomcat started on port(s): 8080 (http) with context path ''
2024-11-30 00:48:11.697  INFO 11316 --- [restartedMain] c.j.petclinic.PetClinicApplication       : Started PetClinicApplication in 0.715 seconds (JVM running for 341.051)
2024-11-30 00:48:11.699  INFO 11316 --- [restartedMain] .ConditionEvaluationDeltaLoggingListener : Condition evaluation unchanged
2024-11-30 00:49:15.435  INFO 11316 --- [Thread-16] o.s.s.concurrent.ThreadPoolTaskExecutor  : Shutting down ExecutorService 'applicationTaskExecutor'
2024-11-30 00:49:15.845  INFO 11316 --- [restartedMain] c.j.petclinic.PetClinicApplication       : Starting PetClinicApplication on KRON-ALPERONER with PID 11316 (C:\DEV\PetClinic_Project\petclinic\target\classes started by alperoner in C:\DEV\PetClinic_Project\petclinic)
2024-11-30 00:49:15.846  INFO 11316 --- [restartedMain] c.j.petclinic.PetClinicApplication       : The following profiles are active: dev
2024-11-30 00:49:16.388  INFO 11316 --- [restartedMain] o.s.b.w.embedded.tomcat.TomcatWebServer  : Tomcat initialized with port(s): 8080 (http)
2024-11-30 00:49:16.389  INFO 11316 --- [restartedMain] o.apache.catalina.core.StandardService   : Starting service [Tomcat]
2024-11-30 00:49:16.389  INFO 11316 --- [restartedMain] org.apache.catalina.core.StandardEngine  : Starting Servlet engine: [Apache Tomcat/9.0.30]
2024-11-30 00:49:16.421  INFO 11316 --- [restartedMain] o.a.c.c.C.[Tomcat].[localhost].[/]       : Initializing Spring embedded WebApplicationContext
2024-11-30 00:49:16.421 DEBUG 11316 --- [restartedMain] o.s.web.context.ContextLoader            : Published root WebApplicationContext as ServletContext attribute with name [org.springframework.web.context.WebApplicationContext.ROOT]
2024-11-30 00:49:16.421  INFO 11316 --- [restartedMain] o.s.web.context.ContextLoader            : Root WebApplicationContext: initialization completed in 566 ms
2024-11-30 00:49:16.499  INFO 11316 --- [restartedMain] o.s.s.concurrent.ThreadPoolTaskExecutor  : Initializing ExecutorService 'applicationTaskExecutor'
2024-11-30 00:49:16.503 DEBUG 11316 --- [restartedMain] s.w.s.m.m.a.RequestMappingHandlerAdapter : ControllerAdvice beans: 0 @ModelAttribute, 0 @InitBinder, 1 RequestBodyAdvice, 1 ResponseBodyAdvice
2024-11-30 00:49:16.506 TRACE 11316 --- [restartedMain] s.w.s.m.m.a.RequestMappingHandlerMapping : 
	o.s.b.a.w.s.e.BasicErrorController:
	{ /error}: error(HttpServletRequest)
	{ /error, produces [text/html]}: errorHtml(HttpServletRequest,HttpServletResponse)
2024-11-30 00:49:16.508 DEBUG 11316 --- [restartedMain] s.w.s.m.m.a.RequestMappingHandlerMapping : 2 mappings in 'requestMappingHandlerMapping'
2024-11-30 00:49:16.515 DEBUG 11316 --- [restartedMain] o.s.w.s.h.BeanNameUrlHandlerMapping      : Detected 0 mappings in 'beanNameHandlerMapping'
2024-11-30 00:49:16.517 TRACE 11316 --- [restartedMain] o.s.w.s.handler.SimpleUrlHandlerMapping  : Mapped [/webjars/**] onto ResourceHttpRequestHandler ["classpath:/META-INF/resources/webjars/"]
2024-11-30 00:49:16.517 TRACE 11316 --- [restartedMain] o.s.w.s.handler.SimpleUrlHandlerMapping  : Mapped [/**] onto ResourceHttpRequestHandler ["classpath:/META-INF/resources/", "classpath:/resources/", "classpath:/static/", "classpath:/public/", "/"]
2024-11-30 00:49:16.517 DEBUG 11316 --- [restartedMain] o.s.w.s.handler.SimpleUrlHandlerMapping  : Patterns [/webjars/**, /**] in 'resourceHandlerMapping'
2024-11-30 00:49:16.521 DEBUG 11316 --- [restartedMain] .m.m.a.ExceptionHandlerExceptionResolver : ControllerAdvice beans: 0 @ExceptionHandler, 1 ResponseBodyAdvice
2024-11-30 00:49:16.561  INFO 11316 --- [restartedMain] o.s.b.d.a.OptionalLiveReloadServer       : LiveReload server is running on port 35729
2024-11-30 00:49:16.563  INFO 11316 --- [restartedMain] o.s.b.a.e.web.EndpointLinksResolver      : Exposing 15 endpoint(s) beneath base path '/actuator'
2024-11-30 00:49:16.585  INFO 11316 --- [restartedMain] o.s.b.w.embedded.tomcat.TomcatWebServer  : Tomcat started on port(s): 8080 (http) with context path ''
2024-11-30 00:49:16.585  INFO 11316 --- [restartedMain] c.j.petclinic.PetClinicApplication       : Started PetClinicApplication in 0.8 seconds (JVM running for 405.939)
2024-11-30 00:49:16.586  INFO 11316 --- [restartedMain] .ConditionEvaluationDeltaLoggingListener : Condition evaluation unchanged
2024-11-30 00:50:48.027  INFO 11316 --- [Thread-21] o.s.s.concurrent.ThreadPoolTaskExecutor  : Shutting down ExecutorService 'applicationTaskExecutor'
2024-11-30 00:50:48.506  INFO 11316 --- [restartedMain] c.j.petclinic.PetClinicApplication       : Starting PetClinicApplication on KRON-ALPERONER with PID 11316 (C:\DEV\PetClinic_Project\petclinic\target\classes started by alperoner in C:\DEV\PetClinic_Project\petclinic)
2024-11-30 00:50:48.506  INFO 11316 --- [restartedMain] c.j.petclinic.PetClinicApplication       : The following profiles are active: dev
2024-11-30 00:50:49.103  INFO 11316 --- [restartedMain] o.s.b.w.embedded.tomcat.TomcatWebServer  : Tomcat initialized with port(s): 8080 (http)
2024-11-30 00:50:49.104  INFO 11316 --- [restartedMain] o.apache.catalina.core.StandardService   : Starting service [Tomcat]
2024-11-30 00:50:49.105  INFO 11316 --- [restartedMain] org.apache.catalina.core.StandardEngine  : Starting Servlet engine: [Apache Tomcat/9.0.30]
2024-11-30 00:50:49.134  INFO 11316 --- [restartedMain] o.a.c.c.C.[Tomcat].[localhost].[/]       : Initializing Spring embedded WebApplicationContext
2024-11-30 00:50:49.135 DEBUG 11316 --- [restartedMain] o.s.web.context.ContextLoader            : Published root WebApplicationContext as ServletContext attribute with name [org.springframework.web.context.WebApplicationContext.ROOT]
2024-11-30 00:50:49.135  INFO 11316 --- [restartedMain] o.s.web.context.ContextLoader            : Root WebApplicationContext: initialization completed in 617 ms
2024-11-30 00:50:49.286  INFO 11316 --- [restartedMain] o.s.s.concurrent.ThreadPoolTaskExecutor  : Initializing ExecutorService 'applicationTaskExecutor'
2024-11-30 00:50:49.290 DEBUG 11316 --- [restartedMain] s.w.s.m.m.a.RequestMappingHandlerAdapter : ControllerAdvice beans: 0 @ModelAttribute, 0 @InitBinder, 1 RequestBodyAdvice, 1 ResponseBodyAdvice
2024-11-30 00:50:49.295 TRACE 11316 --- [restartedMain] s.w.s.m.m.a.RequestMappingHandlerMapping : 
	o.s.b.a.w.s.e.BasicErrorController:
	{ /error}: error(HttpServletRequest)
	{ /error, produces [text/html]}: errorHtml(HttpServletRequest,HttpServletResponse)
2024-11-30 00:50:49.297 DEBUG 11316 --- [restartedMain] s.w.s.m.m.a.RequestMappingHandlerMapping : 2 mappings in 'requestMappingHandlerMapping'
2024-11-30 00:50:49.307 DEBUG 11316 --- [restartedMain] o.s.w.s.h.BeanNameUrlHandlerMapping      : Detected 0 mappings in 'beanNameHandlerMapping'
2024-11-30 00:50:49.310 TRACE 11316 --- [restartedMain] o.s.w.s.handler.SimpleUrlHandlerMapping  : Mapped [/webjars/**] onto ResourceHttpRequestHandler ["classpath:/META-INF/resources/webjars/"]
2024-11-30 00:50:49.310 TRACE 11316 --- [restartedMain] o.s.w.s.handler.SimpleUrlHandlerMapping  : Mapped [/**] onto ResourceHttpRequestHandler ["classpath:/META-INF/resources/", "classpath:/resources/", "classpath:/static/", "classpath:/public/", "/"]
2024-11-30 00:50:49.310 DEBUG 11316 --- [restartedMain] o.s.w.s.handler.SimpleUrlHandlerMapping  : Patterns [/webjars/**, /**] in 'resourceHandlerMapping'
2024-11-30 00:50:49.318 DEBUG 11316 --- [restartedMain] .m.m.a.ExceptionHandlerExceptionResolver : ControllerAdvice beans: 0 @ExceptionHandler, 1 ResponseBodyAdvice
2024-11-30 00:50:49.398  INFO 11316 --- [restartedMain] o.s.b.d.a.OptionalLiveReloadServer       : LiveReload server is running on port 35729
2024-11-30 00:50:49.402  INFO 11316 --- [restartedMain] o.s.b.a.e.web.EndpointLinksResolver      : Exposing 15 endpoint(s) beneath base path '/actuator'
2024-11-30 00:50:49.447  INFO 11316 --- [restartedMain] o.s.b.w.embedded.tomcat.TomcatWebServer  : Tomcat started on port(s): 8080 (http) with context path ''
2024-11-30 00:50:49.447  INFO 11316 --- [restartedMain] c.j.petclinic.PetClinicApplication       : Started PetClinicApplication in 1.009 seconds (JVM running for 498.802)
2024-11-30 00:50:49.450  INFO 11316 --- [restartedMain] .ConditionEvaluationDeltaLoggingListener : Condition evaluation unchanged
2024-11-30 00:51:44.002  INFO 11316 --- [Thread-26] o.s.s.concurrent.ThreadPoolTaskExecutor  : Shutting down ExecutorService 'applicationTaskExecutor'
2024-11-30 00:51:44.538  INFO 11316 --- [restartedMain] c.j.petclinic.PetClinicApplication       : Starting PetClinicApplication on KRON-ALPERONER with PID 11316 (C:\DEV\PetClinic_Project\petclinic\target\classes started by alperoner in C:\DEV\PetClinic_Project\petclinic)
2024-11-30 00:51:44.539  INFO 11316 --- [restartedMain] c.j.petclinic.PetClinicApplication       : The following profiles are active: dev
2024-11-30 00:51:45.031  INFO 11316 --- [restartedMain] o.s.b.w.embedded.tomcat.TomcatWebServer  : Tomcat initialized with port(s): 8080 (http)
2024-11-30 00:51:45.032  INFO 11316 --- [restartedMain] o.apache.catalina.core.StandardService   : Starting service [Tomcat]
2024-11-30 00:51:45.032  INFO 11316 --- [restartedMain] org.apache.catalina.core.StandardEngine  : Starting Servlet engine: [Apache Tomcat/9.0.30]
2024-11-30 00:51:45.047  INFO 11316 --- [restartedMain] o.a.c.c.C.[Tomcat].[localhost].[/]       : Initializing Spring embedded WebApplicationContext
2024-11-30 00:51:45.047 DEBUG 11316 --- [restartedMain] o.s.web.context.ContextLoader            : Published root WebApplicationContext as ServletContext attribute with name [org.springframework.web.context.WebApplicationContext.ROOT]
2024-11-30 00:51:45.047  INFO 11316 --- [restartedMain] o.s.web.context.ContextLoader            : Root WebApplicationContext: initialization completed in 502 ms
2024-11-30 00:51:45.141  INFO 11316 --- [restartedMain] o.s.s.concurrent.ThreadPoolTaskExecutor  : Initializing ExecutorService 'applicationTaskExecutor'
2024-11-30 00:51:45.144 DEBUG 11316 --- [restartedMain] s.w.s.m.m.a.RequestMappingHandlerAdapter : ControllerAdvice beans: 0 @ModelAttribute, 0 @InitBinder, 1 RequestBodyAdvice, 1 ResponseBodyAdvice
2024-11-30 00:51:45.149 TRACE 11316 --- [restartedMain] s.w.s.m.m.a.RequestMappingHandlerMapping : 
	o.s.b.a.w.s.e.BasicErrorController:
	{ /error}: error(HttpServletRequest)
	{ /error, produces [text/html]}: errorHtml(HttpServletRequest,HttpServletResponse)
2024-11-30 00:51:45.150 DEBUG 11316 --- [restartedMain] s.w.s.m.m.a.RequestMappingHandlerMapping : 2 mappings in 'requestMappingHandlerMapping'
2024-11-30 00:51:45.157 DEBUG 11316 --- [restartedMain] o.s.w.s.h.BeanNameUrlHandlerMapping      : Detected 0 mappings in 'beanNameHandlerMapping'
2024-11-30 00:51:45.160 TRACE 11316 --- [restartedMain] o.s.w.s.handler.SimpleUrlHandlerMapping  : Mapped [/webjars/**] onto ResourceHttpRequestHandler ["classpath:/META-INF/resources/webjars/"]
2024-11-30 00:51:45.160 TRACE 11316 --- [restartedMain] o.s.w.s.handler.SimpleUrlHandlerMapping  : Mapped [/**] onto ResourceHttpRequestHandler ["classpath:/META-INF/resources/", "classpath:/resources/", "classpath:/static/", "classpath:/public/", "/"]
2024-11-30 00:51:45.160 DEBUG 11316 --- [restartedMain] o.s.w.s.handler.SimpleUrlHandlerMapping  : Patterns [/webjars/**, /**] in 'resourceHandlerMapping'
2024-11-30 00:51:45.165 DEBUG 11316 --- [restartedMain] .m.m.a.ExceptionHandlerExceptionResolver : ControllerAdvice beans: 0 @ExceptionHandler, 1 ResponseBodyAdvice
2024-11-30 00:51:45.211  INFO 11316 --- [restartedMain] o.s.b.d.a.OptionalLiveReloadServer       : LiveReload server is running on port 35729
2024-11-30 00:51:45.214  INFO 11316 --- [restartedMain] o.s.b.a.e.web.EndpointLinksResolver      : Exposing 15 endpoint(s) beneath base path '/actuator'
2024-11-30 00:51:45.236  INFO 11316 --- [restartedMain] o.s.b.w.embedded.tomcat.TomcatWebServer  : Tomcat started on port(s): 8080 (http) with context path ''
2024-11-30 00:51:45.236  INFO 11316 --- [restartedMain] c.j.petclinic.PetClinicApplication       : Started PetClinicApplication in 0.752 seconds (JVM running for 554.59)
2024-11-30 00:51:45.238  INFO 11316 --- [restartedMain] .ConditionEvaluationDeltaLoggingListener : Condition evaluation unchanged
2024-11-30 00:52:21.402  INFO 11316 --- [Thread-31] o.s.s.concurrent.ThreadPoolTaskExecutor  : Shutting down ExecutorService 'applicationTaskExecutor'
2024-11-30 00:52:21.731  INFO 11316 --- [restartedMain] c.j.petclinic.PetClinicApplication       : Starting PetClinicApplication on KRON-ALPERONER with PID 11316 (C:\DEV\PetClinic_Project\petclinic\target\classes started by alperoner in C:\DEV\PetClinic_Project\petclinic)
2024-11-30 00:52:21.732  INFO 11316 --- [restartedMain] c.j.petclinic.PetClinicApplication       : The following profiles are active: dev
2024-11-30 00:52:22.035  INFO 11316 --- [restartedMain] o.s.b.w.embedded.tomcat.TomcatWebServer  : Tomcat initialized with port(s): 8080 (http)
2024-11-30 00:52:22.035  INFO 11316 --- [restartedMain] o.apache.catalina.core.StandardService   : Starting service [Tomcat]
2024-11-30 00:52:22.036  INFO 11316 --- [restartedMain] org.apache.catalina.core.StandardEngine  : Starting Servlet engine: [Apache Tomcat/9.0.30]
2024-11-30 00:52:22.053  INFO 11316 --- [restartedMain] o.a.c.c.C.[Tomcat].[localhost].[/]       : Initializing Spring embedded WebApplicationContext
2024-11-30 00:52:22.053 DEBUG 11316 --- [restartedMain] o.s.web.context.ContextLoader            : Published root WebApplicationContext as ServletContext attribute with name [org.springframework.web.context.WebApplicationContext.ROOT]
2024-11-30 00:52:22.053  INFO 11316 --- [restartedMain] o.s.web.context.ContextLoader            : Root WebApplicationContext: initialization completed in 318 ms
2024-11-30 00:52:22.126  INFO 11316 --- [restartedMain] o.s.s.concurrent.ThreadPoolTaskExecutor  : Initializing ExecutorService 'applicationTaskExecutor'
2024-11-30 00:52:22.128 DEBUG 11316 --- [restartedMain] s.w.s.m.m.a.RequestMappingHandlerAdapter : ControllerAdvice beans: 0 @ModelAttribute, 0 @InitBinder, 1 RequestBodyAdvice, 1 ResponseBodyAdvice
2024-11-30 00:52:22.131 TRACE 11316 --- [restartedMain] s.w.s.m.m.a.RequestMappingHandlerMapping : 
	o.s.b.a.w.s.e.BasicErrorController:
	{ /error}: error(HttpServletRequest)
	{ /error, produces [text/html]}: errorHtml(HttpServletRequest,HttpServletResponse)
2024-11-30 00:52:22.132 DEBUG 11316 --- [restartedMain] s.w.s.m.m.a.RequestMappingHandlerMapping : 2 mappings in 'requestMappingHandlerMapping'
2024-11-30 00:52:22.138 DEBUG 11316 --- [restartedMain] o.s.w.s.h.BeanNameUrlHandlerMapping      : Detected 0 mappings in 'beanNameHandlerMapping'
2024-11-30 00:52:22.140 TRACE 11316 --- [restartedMain] o.s.w.s.handler.SimpleUrlHandlerMapping  : Mapped [/webjars/**] onto ResourceHttpRequestHandler ["classpath:/META-INF/resources/webjars/"]
2024-11-30 00:52:22.140 TRACE 11316 --- [restartedMain] o.s.w.s.handler.SimpleUrlHandlerMapping  : Mapped [/**] onto ResourceHttpRequestHandler ["classpath:/META-INF/resources/", "classpath:/resources/", "classpath:/static/", "classpath:/public/", "/"]
2024-11-30 00:52:22.140 DEBUG 11316 --- [restartedMain] o.s.w.s.handler.SimpleUrlHandlerMapping  : Patterns [/webjars/**, /**] in 'resourceHandlerMapping'
2024-11-30 00:52:22.143 DEBUG 11316 --- [restartedMain] .m.m.a.ExceptionHandlerExceptionResolver : ControllerAdvice beans: 0 @ExceptionHandler, 1 ResponseBodyAdvice
2024-11-30 00:52:22.180  INFO 11316 --- [restartedMain] o.s.b.d.a.OptionalLiveReloadServer       : LiveReload server is running on port 35729
2024-11-30 00:52:22.183  INFO 11316 --- [restartedMain] o.s.b.a.e.web.EndpointLinksResolver      : Exposing 15 endpoint(s) beneath base path '/actuator'
2024-11-30 00:52:22.202  INFO 11316 --- [restartedMain] o.s.b.w.embedded.tomcat.TomcatWebServer  : Tomcat started on port(s): 8080 (http) with context path ''
2024-11-30 00:52:22.202  INFO 11316 --- [restartedMain] c.j.petclinic.PetClinicApplication       : Started PetClinicApplication in 0.499 seconds (JVM running for 591.557)
2024-11-30 00:52:22.204  INFO 11316 --- [restartedMain] .ConditionEvaluationDeltaLoggingListener : Condition evaluation unchanged
2024-11-30 00:52:28.730  INFO 11316 --- [Thread-36] o.s.s.concurrent.ThreadPoolTaskExecutor  : Shutting down ExecutorService 'applicationTaskExecutor'
2024-11-30 00:52:29.038  INFO 11316 --- [restartedMain] c.j.petclinic.PetClinicApplication       : Starting PetClinicApplication on KRON-ALPERONER with PID 11316 (C:\DEV\PetClinic_Project\petclinic\target\classes started by alperoner in C:\DEV\PetClinic_Project\petclinic)
2024-11-30 00:52:29.038  INFO 11316 --- [restartedMain] c.j.petclinic.PetClinicApplication       : The following profiles are active: dev
2024-11-30 00:52:29.492  INFO 11316 --- [restartedMain] o.s.b.w.embedded.tomcat.TomcatWebServer  : Tomcat initialized with port(s): 8080 (http)
2024-11-30 00:52:29.493  INFO 11316 --- [restartedMain] o.apache.catalina.core.StandardService   : Starting service [Tomcat]
2024-11-30 00:52:29.493  INFO 11316 --- [restartedMain] org.apache.catalina.core.StandardEngine  : Starting Servlet engine: [Apache Tomcat/9.0.30]
2024-11-30 00:52:29.509  INFO 11316 --- [restartedMain] o.a.c.c.C.[Tomcat].[localhost].[/]       : Initializing Spring embedded WebApplicationContext
2024-11-30 00:52:29.509 DEBUG 11316 --- [restartedMain] o.s.web.context.ContextLoader            : Published root WebApplicationContext as ServletContext attribute with name [org.springframework.web.context.WebApplicationContext.ROOT]
2024-11-30 00:52:29.509  INFO 11316 --- [restartedMain] o.s.web.context.ContextLoader            : Root WebApplicationContext: initialization completed in 464 ms
2024-11-30 00:52:29.581  INFO 11316 --- [restartedMain] o.s.s.concurrent.ThreadPoolTaskExecutor  : Initializing ExecutorService 'applicationTaskExecutor'
2024-11-30 00:52:29.584 DEBUG 11316 --- [restartedMain] s.w.s.m.m.a.RequestMappingHandlerAdapter : ControllerAdvice beans: 0 @ModelAttribute, 0 @InitBinder, 1 RequestBodyAdvice, 1 ResponseBodyAdvice
2024-11-30 00:52:29.586 TRACE 11316 --- [restartedMain] s.w.s.m.m.a.RequestMappingHandlerMapping : 
	o.s.b.a.w.s.e.BasicErrorController:
	{ /error}: error(HttpServletRequest)
	{ /error, produces [text/html]}: errorHtml(HttpServletRequest,HttpServletResponse)
2024-11-30 00:52:29.588 DEBUG 11316 --- [restartedMain] s.w.s.m.m.a.RequestMappingHandlerMapping : 2 mappings in 'requestMappingHandlerMapping'
2024-11-30 00:52:29.594 DEBUG 11316 --- [restartedMain] o.s.w.s.h.BeanNameUrlHandlerMapping      : Detected 0 mappings in 'beanNameHandlerMapping'
2024-11-30 00:52:29.596 TRACE 11316 --- [restartedMain] o.s.w.s.handler.SimpleUrlHandlerMapping  : Mapped [/webjars/**] onto ResourceHttpRequestHandler ["classpath:/META-INF/resources/webjars/"]
2024-11-30 00:52:29.596 TRACE 11316 --- [restartedMain] o.s.w.s.handler.SimpleUrlHandlerMapping  : Mapped [/**] onto ResourceHttpRequestHandler ["classpath:/META-INF/resources/", "classpath:/resources/", "classpath:/static/", "classpath:/public/", "/"]
2024-11-30 00:52:29.596 DEBUG 11316 --- [restartedMain] o.s.w.s.handler.SimpleUrlHandlerMapping  : Patterns [/webjars/**, /**] in 'resourceHandlerMapping'
2024-11-30 00:52:29.600 DEBUG 11316 --- [restartedMain] .m.m.a.ExceptionHandlerExceptionResolver : ControllerAdvice beans: 0 @ExceptionHandler, 1 ResponseBodyAdvice
2024-11-30 00:52:29.638  INFO 11316 --- [restartedMain] o.s.b.d.a.OptionalLiveReloadServer       : LiveReload server is running on port 35729
2024-11-30 00:52:29.640  INFO 11316 --- [restartedMain] o.s.b.a.e.web.EndpointLinksResolver      : Exposing 15 endpoint(s) beneath base path '/actuator'
2024-11-30 00:52:29.660  INFO 11316 --- [restartedMain] o.s.b.w.embedded.tomcat.TomcatWebServer  : Tomcat started on port(s): 8080 (http) with context path ''
2024-11-30 00:52:29.660  INFO 11316 --- [restartedMain] c.j.petclinic.PetClinicApplication       : Started PetClinicApplication in 0.671 seconds (JVM running for 599.014)
2024-11-30 00:52:29.662  INFO 11316 --- [restartedMain] .ConditionEvaluationDeltaLoggingListener : Condition evaluation unchanged
2024-11-30 00:52:32.111  INFO 11316 --- [Thread-41] o.s.s.concurrent.ThreadPoolTaskExecutor  : Shutting down ExecutorService 'applicationTaskExecutor'
2024-11-30 00:52:32.476  INFO 11316 --- [restartedMain] c.j.petclinic.PetClinicApplication       : Starting PetClinicApplication on KRON-ALPERONER with PID 11316 (C:\DEV\PetClinic_Project\petclinic\target\classes started by alperoner in C:\DEV\PetClinic_Project\petclinic)
2024-11-30 00:52:32.476  INFO 11316 --- [restartedMain] c.j.petclinic.PetClinicApplication       : The following profiles are active: dev
2024-11-30 00:52:32.841  INFO 11316 --- [restartedMain] o.s.b.w.embedded.tomcat.TomcatWebServer  : Tomcat initialized with port(s): 8080 (http)
2024-11-30 00:52:32.841  INFO 11316 --- [restartedMain] o.apache.catalina.core.StandardService   : Starting service [Tomcat]
2024-11-30 00:52:32.842  INFO 11316 --- [restartedMain] org.apache.catalina.core.StandardEngine  : Starting Servlet engine: [Apache Tomcat/9.0.30]
2024-11-30 00:52:32.867  INFO 11316 --- [restartedMain] o.a.c.c.C.[Tomcat].[localhost].[/]       : Initializing Spring embedded WebApplicationContext
2024-11-30 00:52:32.867 DEBUG 11316 --- [restartedMain] o.s.web.context.ContextLoader            : Published root WebApplicationContext as ServletContext attribute with name [org.springframework.web.context.WebApplicationContext.ROOT]
2024-11-30 00:52:32.868  INFO 11316 --- [restartedMain] o.s.web.context.ContextLoader            : Root WebApplicationContext: initialization completed in 386 ms
2024-11-30 00:52:32.962  INFO 11316 --- [restartedMain] o.s.s.concurrent.ThreadPoolTaskExecutor  : Initializing ExecutorService 'applicationTaskExecutor'
2024-11-30 00:52:32.965 DEBUG 11316 --- [restartedMain] s.w.s.m.m.a.RequestMappingHandlerAdapter : ControllerAdvice beans: 0 @ModelAttribute, 0 @InitBinder, 1 RequestBodyAdvice, 1 ResponseBodyAdvice
2024-11-30 00:52:32.968 TRACE 11316 --- [restartedMain] s.w.s.m.m.a.RequestMappingHandlerMapping : 
	o.s.b.a.w.s.e.BasicErrorController:
	{ /error}: error(HttpServletRequest)
	{ /error, produces [text/html]}: errorHtml(HttpServletRequest,HttpServletResponse)
2024-11-30 00:52:32.968 DEBUG 11316 --- [restartedMain] s.w.s.m.m.a.RequestMappingHandlerMapping : 2 mappings in 'requestMappingHandlerMapping'
2024-11-30 00:52:32.974 DEBUG 11316 --- [restartedMain] o.s.w.s.h.BeanNameUrlHandlerMapping      : Detected 0 mappings in 'beanNameHandlerMapping'
2024-11-30 00:52:32.976 TRACE 11316 --- [restartedMain] o.s.w.s.handler.SimpleUrlHandlerMapping  : Mapped [/webjars/**] onto ResourceHttpRequestHandler ["classpath:/META-INF/resources/webjars/"]
2024-11-30 00:52:32.977 TRACE 11316 --- [restartedMain] o.s.w.s.handler.SimpleUrlHandlerMapping  : Mapped [/**] onto ResourceHttpRequestHandler ["classpath:/META-INF/resources/", "classpath:/resources/", "classpath:/static/", "classpath:/public/", "/"]
2024-11-30 00:52:32.977 DEBUG 11316 --- [restartedMain] o.s.w.s.handler.SimpleUrlHandlerMapping  : Patterns [/webjars/**, /**] in 'resourceHandlerMapping'
2024-11-30 00:52:32.981 DEBUG 11316 --- [restartedMain] .m.m.a.ExceptionHandlerExceptionResolver : ControllerAdvice beans: 0 @ExceptionHandler, 1 ResponseBodyAdvice
2024-11-30 00:52:33.019  INFO 11316 --- [restartedMain] o.s.b.d.a.OptionalLiveReloadServer       : LiveReload server is running on port 35729
2024-11-30 00:52:33.021  INFO 11316 --- [restartedMain] o.s.b.a.e.web.EndpointLinksResolver      : Exposing 15 endpoint(s) beneath base path '/actuator'
2024-11-30 00:52:33.041  INFO 11316 --- [restartedMain] o.s.b.w.embedded.tomcat.TomcatWebServer  : Tomcat started on port(s): 8080 (http) with context path ''
2024-11-30 00:52:33.042  INFO 11316 --- [restartedMain] c.j.petclinic.PetClinicApplication       : Started PetClinicApplication in 0.598 seconds (JVM running for 602.396)
2024-11-30 00:52:33.044  INFO 11316 --- [restartedMain] .ConditionEvaluationDeltaLoggingListener : Condition evaluation unchanged
2024-11-30 00:52:41.637  INFO 11316 --- [Thread-46] o.s.s.concurrent.ThreadPoolTaskExecutor  : Shutting down ExecutorService 'applicationTaskExecutor'
2024-11-30 00:52:41.892  INFO 11316 --- [restartedMain] c.j.petclinic.PetClinicApplication       : Starting PetClinicApplication on KRON-ALPERONER with PID 11316 (C:\DEV\PetClinic_Project\petclinic\target\classes started by alperoner in C:\DEV\PetClinic_Project\petclinic)
2024-11-30 00:52:41.892  INFO 11316 --- [restartedMain] c.j.petclinic.PetClinicApplication       : The following profiles are active: dev
2024-11-30 00:52:42.162  INFO 11316 --- [restartedMain] o.s.b.w.embedded.tomcat.TomcatWebServer  : Tomcat initialized with port(s): 8080 (http)
2024-11-30 00:52:42.162  INFO 11316 --- [restartedMain] o.apache.catalina.core.StandardService   : Starting service [Tomcat]
2024-11-30 00:52:42.163  INFO 11316 --- [restartedMain] org.apache.catalina.core.StandardEngine  : Starting Servlet engine: [Apache Tomcat/9.0.30]
2024-11-30 00:52:42.177  INFO 11316 --- [restartedMain] o.a.c.c.C.[Tomcat].[localhost].[/]       : Initializing Spring embedded WebApplicationContext
2024-11-30 00:52:42.177 DEBUG 11316 --- [restartedMain] o.s.web.context.ContextLoader            : Published root WebApplicationContext as ServletContext attribute with name [org.springframework.web.context.WebApplicationContext.ROOT]
2024-11-30 00:52:42.177  INFO 11316 --- [restartedMain] o.s.web.context.ContextLoader            : Root WebApplicationContext: initialization completed in 282 ms
2024-11-30 00:52:42.246  INFO 11316 --- [restartedMain] o.s.s.concurrent.ThreadPoolTaskExecutor  : Initializing ExecutorService 'applicationTaskExecutor'
2024-11-30 00:52:42.248 DEBUG 11316 --- [restartedMain] s.w.s.m.m.a.RequestMappingHandlerAdapter : ControllerAdvice beans: 0 @ModelAttribute, 0 @InitBinder, 1 RequestBodyAdvice, 1 ResponseBodyAdvice
2024-11-30 00:52:42.251 TRACE 11316 --- [restartedMain] s.w.s.m.m.a.RequestMappingHandlerMapping : 
	o.s.b.a.w.s.e.BasicErrorController:
	{ /error}: error(HttpServletRequest)
	{ /error, produces [text/html]}: errorHtml(HttpServletRequest,HttpServletResponse)
2024-11-30 00:52:42.252 DEBUG 11316 --- [restartedMain] s.w.s.m.m.a.RequestMappingHandlerMapping : 2 mappings in 'requestMappingHandlerMapping'
2024-11-30 00:52:42.258 DEBUG 11316 --- [restartedMain] o.s.w.s.h.BeanNameUrlHandlerMapping      : Detected 0 mappings in 'beanNameHandlerMapping'
2024-11-30 00:52:42.259 TRACE 11316 --- [restartedMain] o.s.w.s.handler.SimpleUrlHandlerMapping  : Mapped [/webjars/**] onto ResourceHttpRequestHandler ["classpath:/META-INF/resources/webjars/"]
2024-11-30 00:52:42.259 TRACE 11316 --- [restartedMain] o.s.w.s.handler.SimpleUrlHandlerMapping  : Mapped [/**] onto ResourceHttpRequestHandler ["classpath:/META-INF/resources/", "classpath:/resources/", "classpath:/static/", "classpath:/public/", "/"]
2024-11-30 00:52:42.259 DEBUG 11316 --- [restartedMain] o.s.w.s.handler.SimpleUrlHandlerMapping  : Patterns [/webjars/**, /**] in 'resourceHandlerMapping'
2024-11-30 00:52:42.262 DEBUG 11316 --- [restartedMain] .m.m.a.ExceptionHandlerExceptionResolver : ControllerAdvice beans: 0 @ExceptionHandler, 1 ResponseBodyAdvice
2024-11-30 00:52:42.297  INFO 11316 --- [restartedMain] o.s.b.d.a.OptionalLiveReloadServer       : LiveReload server is running on port 35729
2024-11-30 00:52:42.300  INFO 11316 --- [restartedMain] o.s.b.a.e.web.EndpointLinksResolver      : Exposing 15 endpoint(s) beneath base path '/actuator'
2024-11-30 00:52:42.321  INFO 11316 --- [restartedMain] o.s.b.w.embedded.tomcat.TomcatWebServer  : Tomcat started on port(s): 8080 (http) with context path ''
2024-11-30 00:52:42.321  INFO 11316 --- [restartedMain] c.j.petclinic.PetClinicApplication       : Started PetClinicApplication in 0.463 seconds (JVM running for 611.675)
2024-11-30 00:52:42.323  INFO 11316 --- [restartedMain] .ConditionEvaluationDeltaLoggingListener : Condition evaluation unchanged
2024-11-30 00:52:50.887  INFO 11316 --- [Thread-51] o.s.s.concurrent.ThreadPoolTaskExecutor  : Shutting down ExecutorService 'applicationTaskExecutor'
2024-11-30 00:52:51.162  INFO 11316 --- [restartedMain] c.j.petclinic.PetClinicApplication       : Starting PetClinicApplication on KRON-ALPERONER with PID 11316 (C:\DEV\PetClinic_Project\petclinic\target\classes started by alperoner in C:\DEV\PetClinic_Project\petclinic)
2024-11-30 00:52:51.162  INFO 11316 --- [restartedMain] c.j.petclinic.PetClinicApplication       : The following profiles are active: dev
2024-11-30 00:52:51.487  INFO 11316 --- [restartedMain] o.s.b.w.embedded.tomcat.TomcatWebServer  : Tomcat initialized with port(s): 8080 (http)
2024-11-30 00:52:51.488  INFO 11316 --- [restartedMain] o.apache.catalina.core.StandardService   : Starting service [Tomcat]
2024-11-30 00:52:51.488  INFO 11316 --- [restartedMain] org.apache.catalina.core.StandardEngine  : Starting Servlet engine: [Apache Tomcat/9.0.30]
2024-11-30 00:52:51.513  INFO 11316 --- [restartedMain] o.a.c.c.C.[Tomcat].[localhost].[/]       : Initializing Spring embedded WebApplicationContext
2024-11-30 00:52:51.513 DEBUG 11316 --- [restartedMain] o.s.web.context.ContextLoader            : Published root WebApplicationContext as ServletContext attribute with name [org.springframework.web.context.WebApplicationContext.ROOT]
2024-11-30 00:52:51.513  INFO 11316 --- [restartedMain] o.s.web.context.ContextLoader            : Root WebApplicationContext: initialization completed in 345 ms
2024-11-30 00:52:51.595  INFO 11316 --- [restartedMain] o.s.s.concurrent.ThreadPoolTaskExecutor  : Initializing ExecutorService 'applicationTaskExecutor'
2024-11-30 00:52:51.599 DEBUG 11316 --- [restartedMain] s.w.s.m.m.a.RequestMappingHandlerAdapter : ControllerAdvice beans: 0 @ModelAttribute, 0 @InitBinder, 1 RequestBodyAdvice, 1 ResponseBodyAdvice
2024-11-30 00:52:51.601 TRACE 11316 --- [restartedMain] s.w.s.m.m.a.RequestMappingHandlerMapping : 
	o.s.b.a.w.s.e.BasicErrorController:
	{ /error}: error(HttpServletRequest)
	{ /error, produces [text/html]}: errorHtml(HttpServletRequest,HttpServletResponse)
2024-11-30 00:52:51.602 DEBUG 11316 --- [restartedMain] s.w.s.m.m.a.RequestMappingHandlerMapping : 2 mappings in 'requestMappingHandlerMapping'
2024-11-30 00:52:51.607 DEBUG 11316 --- [restartedMain] o.s.w.s.h.BeanNameUrlHandlerMapping      : Detected 0 mappings in 'beanNameHandlerMapping'
2024-11-30 00:52:51.610 TRACE 11316 --- [restartedMain] o.s.w.s.handler.SimpleUrlHandlerMapping  : Mapped [/webjars/**] onto ResourceHttpRequestHandler ["classpath:/META-INF/resources/webjars/"]
2024-11-30 00:52:51.610 TRACE 11316 --- [restartedMain] o.s.w.s.handler.SimpleUrlHandlerMapping  : Mapped [/**] onto ResourceHttpRequestHandler ["classpath:/META-INF/resources/", "classpath:/resources/", "classpath:/static/", "classpath:/public/", "/"]
2024-11-30 00:52:51.610 DEBUG 11316 --- [restartedMain] o.s.w.s.handler.SimpleUrlHandlerMapping  : Patterns [/webjars/**, /**] in 'resourceHandlerMapping'
2024-11-30 00:52:51.613 DEBUG 11316 --- [restartedMain] .m.m.a.ExceptionHandlerExceptionResolver : ControllerAdvice beans: 0 @ExceptionHandler, 1 ResponseBodyAdvice
2024-11-30 00:52:51.649  INFO 11316 --- [restartedMain] o.s.b.d.a.OptionalLiveReloadServer       : LiveReload server is running on port 35729
2024-11-30 00:52:51.651  INFO 11316 --- [restartedMain] o.s.b.a.e.web.EndpointLinksResolver      : Exposing 15 endpoint(s) beneath base path '/actuator'
2024-11-30 00:52:51.671  INFO 11316 --- [restartedMain] o.s.b.w.embedded.tomcat.TomcatWebServer  : Tomcat started on port(s): 8080 (http) with context path ''
2024-11-30 00:52:51.671  INFO 11316 --- [restartedMain] c.j.petclinic.PetClinicApplication       : Started PetClinicApplication in 0.545 seconds (JVM running for 621.025)
2024-11-30 00:52:51.673  INFO 11316 --- [restartedMain] .ConditionEvaluationDeltaLoggingListener : Condition evaluation unchanged
2024-11-30 00:53:14.517  INFO 11316 --- [Thread-56] o.s.s.concurrent.ThreadPoolTaskExecutor  : Shutting down ExecutorService 'applicationTaskExecutor'
2024-11-30 00:53:14.782  INFO 11316 --- [restartedMain] c.j.petclinic.PetClinicApplication       : Starting PetClinicApplication on KRON-ALPERONER with PID 11316 (C:\DEV\PetClinic_Project\petclinic\target\classes started by alperoner in C:\DEV\PetClinic_Project\petclinic)
2024-11-30 00:53:14.783  INFO 11316 --- [restartedMain] c.j.petclinic.PetClinicApplication       : The following profiles are active: dev
2024-11-30 00:53:15.115  INFO 11316 --- [restartedMain] o.s.b.w.embedded.tomcat.TomcatWebServer  : Tomcat initialized with port(s): 8080 (http)
2024-11-30 00:53:15.115  INFO 11316 --- [restartedMain] o.apache.catalina.core.StandardService   : Starting service [Tomcat]
2024-11-30 00:53:15.115  INFO 11316 --- [restartedMain] org.apache.catalina.core.StandardEngine  : Starting Servlet engine: [Apache Tomcat/9.0.30]
2024-11-30 00:53:15.128  INFO 11316 --- [restartedMain] o.a.c.c.C.[Tomcat].[localhost].[/]       : Initializing Spring embedded WebApplicationContext
2024-11-30 00:53:15.129 DEBUG 11316 --- [restartedMain] o.s.web.context.ContextLoader            : Published root WebApplicationContext as ServletContext attribute with name [org.springframework.web.context.WebApplicationContext.ROOT]
2024-11-30 00:53:15.129  INFO 11316 --- [restartedMain] o.s.web.context.ContextLoader            : Root WebApplicationContext: initialization completed in 341 ms
2024-11-30 00:53:15.201  INFO 11316 --- [restartedMain] o.s.s.concurrent.ThreadPoolTaskExecutor  : Initializing ExecutorService 'applicationTaskExecutor'
2024-11-30 00:53:15.204 DEBUG 11316 --- [restartedMain] s.w.s.m.m.a.RequestMappingHandlerAdapter : ControllerAdvice beans: 0 @ModelAttribute, 0 @InitBinder, 1 RequestBodyAdvice, 1 ResponseBodyAdvice
2024-11-30 00:53:15.206 TRACE 11316 --- [restartedMain] s.w.s.m.m.a.RequestMappingHandlerMapping : 
	o.s.b.a.w.s.e.BasicErrorController:
	{ /error}: error(HttpServletRequest)
	{ /error, produces [text/html]}: errorHtml(HttpServletRequest,HttpServletResponse)
2024-11-30 00:53:15.207 DEBUG 11316 --- [restartedMain] s.w.s.m.m.a.RequestMappingHandlerMapping : 2 mappings in 'requestMappingHandlerMapping'
2024-11-30 00:53:15.213 DEBUG 11316 --- [restartedMain] o.s.w.s.h.BeanNameUrlHandlerMapping      : Detected 0 mappings in 'beanNameHandlerMapping'
2024-11-30 00:53:15.214 TRACE 11316 --- [restartedMain] o.s.w.s.handler.SimpleUrlHandlerMapping  : Mapped [/webjars/**] onto ResourceHttpRequestHandler ["classpath:/META-INF/resources/webjars/"]
2024-11-30 00:53:15.215 TRACE 11316 --- [restartedMain] o.s.w.s.handler.SimpleUrlHandlerMapping  : Mapped [/**] onto ResourceHttpRequestHandler ["classpath:/META-INF/resources/", "classpath:/resources/", "classpath:/static/", "classpath:/public/", "/"]
2024-11-30 00:53:15.215 DEBUG 11316 --- [restartedMain] o.s.w.s.handler.SimpleUrlHandlerMapping  : Patterns [/webjars/**, /**] in 'resourceHandlerMapping'
2024-11-30 00:53:15.219 DEBUG 11316 --- [restartedMain] .m.m.a.ExceptionHandlerExceptionResolver : ControllerAdvice beans: 0 @ExceptionHandler, 1 ResponseBodyAdvice
2024-11-30 00:53:15.254  INFO 11316 --- [restartedMain] o.s.b.d.a.OptionalLiveReloadServer       : LiveReload server is running on port 35729
2024-11-30 00:53:15.257  INFO 11316 --- [restartedMain] o.s.b.a.e.web.EndpointLinksResolver      : Exposing 15 endpoint(s) beneath base path '/actuator'
2024-11-30 00:53:15.277  INFO 11316 --- [restartedMain] o.s.b.w.embedded.tomcat.TomcatWebServer  : Tomcat started on port(s): 8080 (http) with context path ''
2024-11-30 00:53:15.278  INFO 11316 --- [restartedMain] c.j.petclinic.PetClinicApplication       : Started PetClinicApplication in 0.527 seconds (JVM running for 644.632)
2024-11-30 00:53:15.279  INFO 11316 --- [restartedMain] .ConditionEvaluationDeltaLoggingListener : Condition evaluation unchanged
